<?xml version="1.0" encoding="UTF-8"?>
<!-- Generated by org.testng.reporters.JUnitXMLReporter -->
<testsuite ignored="0" hostname="DESKTOP-FOELMIA" failures="0" tests="4" name="Default test" time="8.069" errors="0" timestamp="2024-03-26T14:41:10 IST">
  <testcase classname="Day1.HTTPRequests" name="getSingleUser" time="4.524"/>
  <testcase classname="Day1.HTTPRequests" name="createUser" time="1.693"/>
  <testcase classname="Day1.HTTPRequests" name="updateUser" time="0.86"/>
  <testcase classname="Day1.HTTPRequests" name="deleteUser" time="0.899"/>
</testsuite> <!-- Default test -->
